PRT1
10
20
4 0 8 (1024 0 192 ) (1024 0 1088 ) (0 0 1088 ) (0 0 192 ) 
4 0 4 (0 0 192 ) (0 0 1088 ) (0 1024 1088 ) (0 1024 192 ) 
4 0 2 (0 896 192 ) (0 1024 192 ) (352 1024 192 ) (352 896 192 ) 
4 0 3 (0 0 192 ) (0 880 192 ) (352 880 192 ) (352 0 192 ) 
4 0 1 (352 1024 192 ) (1024 1024 192 ) (1024 0 192 ) (352 0 192 ) 
4 1 8 (1024 0 64 ) (1024 0 192 ) (352 0 192 ) (352 0 64 ) 
4 1 2 (352 1024 64 ) (352 896 64 ) (352 896 192 ) (352 1024 192 ) 
4 1 3 (352 880 64 ) (352 0 64 ) (352 0 192 ) (352 880 192 ) 
4 2 5 (0 896 192 ) (0 1024 192 ) (0 1024 64 ) (0 896 64 ) 
4 3 8 (352 0 192 ) (0 0 192 ) (0 0 64 ) (352 0 64 ) 
4 3 6 (0 0 64 ) (0 0 192 ) (0 880 192 ) (0 880 64 ) 
4 4 9 (0 0 192 ) (0 0 1088 ) (-1024 0 1088 ) (-1024 0 192 ) 
4 4 5 (-160 1024 192 ) (0 1024 192 ) (0 896 192 ) (-160 896 192 ) 
4 4 6 (0 880 192 ) (0 0 192 ) (-160 0 192 ) (-160 880 192 ) 
4 4 7 (-1024 1024 192 ) (-160 1024 192 ) (-160 0 192 ) (-1024 0 192 ) 
4 5 7 (-160 1024 64 ) (-160 896 64 ) (-160 896 192 ) (-160 1024 192 ) 
4 6 9 (0 0 64 ) (0 0 192 ) (-160 0 192 ) (-160 0 64 ) 
4 6 7 (-160 880 64 ) (-160 0 64 ) (-160 0 192 ) (-160 880 192 ) 
4 7 9 (-160 0 192 ) (-1024 0 192 ) (-1024 0 64 ) (-160 0 64 ) 
4 8 9 (0 0 1088 ) (0 0 64 ) (0 -1024 64 ) (0 -1024 1088 ) 
